TN:
SF:/Users/jordansimonds/repos/keypound/test/index.js
FN:1,webpackUniversalModuleDefinition
FN:10,(anonymous_2)
FN:11,(anonymous_3)
FN:16,__webpack_require__
FN:47,(anonymous_5)
FN:58,(anonymous_6)
FN:60,getDefault
FN:61,getModuleExports
FN:67,(anonymous_9)
FN:78,(anonymous_10)
FN:104,(anonymous_11)
FN:128,code
FN:132,getKeys
FN:141,getMods
FN:148,(anonymous_15)
FN:156,modifiersMatch
FN:157,(anonymous_17)
FN:164,(anonymous_18)
FN:173,(anonymous_19)
FN:173,defineProperties
FN:173,(anonymous_21)
FN:179,_interopRequireDefault
FN:181,_classCallCheck
FN:183,(anonymous_24)
FN:184,Keypound
FN:190,(anonymous_26)
FN:197,enter
FN:199,(anonymous_28)
FN:211,exit
FN:212,(anonymous_30)
FN:221,onKeyPress
FN:231,moveToTop
FN:238,enterNewContext
FN:252,(anonymous_34)
FN:261,(anonymous_35)
FN:261,defineProperties
FN:261,(anonymous_37)
FN:265,_classCallCheck
FN:267,(anonymous_39)
FN:268,Context
FN:282,__dispatch
FN:293,(anonymous_42)
FN:302,on
FN:306,(anonymous_44)
FN:325,off
FN:332,exit
FN:337,pause
FN:342,play
FN:354,(anonymous_49)
FN:371,(anonymous_50)
FN:377,webpackContext
FN:380,webpackContextResolve
FN:386,webpackContextKeys
FN:395,(anonymous_54)
FN:406,_interopRequireDefault
FN:408,keyPress
FN:413,(anonymous_57)
FN:420,(anonymous_58)
FN:423,(anonymous_59)
FN:427,(anonymous_60)
FN:431,(anonymous_61)
FN:434,(anonymous_62)
FN:441,(anonymous_63)
FN:445,(anonymous_64)
FN:448,(anonymous_65)
FN:456,(anonymous_66)
FN:460,(anonymous_67)
FN:463,(anonymous_68)
FN:478,(anonymous_69)
FN:485,(anonymous_70)
FN:486,(anonymous_71)
FN:495,(anonymous_72)
FN:519,(anonymous_73)
FN:555,(anonymous_74)
FN:566,webpackContext
FN:569,webpackContextResolve
FN:575,webpackContextKeys
FNF:77
FNH:64
FNDA:1,webpackUniversalModuleDefinition
FNDA:1,(anonymous_2)
FNDA:1,(anonymous_3)
FNDA:17,__webpack_require__
FNDA:0,(anonymous_5)
FNDA:0,(anonymous_6)
FNDA:0,getDefault
FNDA:0,getModuleExports
FNDA:0,(anonymous_9)
FNDA:1,(anonymous_10)
FNDA:4,(anonymous_11)
FNDA:16,code
FNDA:6,getKeys
FNDA:7,getMods
FNDA:5,(anonymous_15)
FNDA:15,modifiersMatch
FNDA:45,(anonymous_17)
FNDA:1,(anonymous_18)
FNDA:1,(anonymous_19)
FNDA:1,defineProperties
FNDA:1,(anonymous_21)
FNDA:1,_interopRequireDefault
FNDA:4,_classCallCheck
FNDA:1,(anonymous_24)
FNDA:4,Keypound
FNDA:13,(anonymous_26)
FNDA:3,enter
FNDA:0,(anonymous_28)
FNDA:0,exit
FNDA:0,(anonymous_30)
FNDA:13,onKeyPress
FNDA:0,moveToTop
FNDA:3,enterNewContext
FNDA:1,(anonymous_34)
FNDA:1,(anonymous_35)
FNDA:1,defineProperties
FNDA:1,(anonymous_37)
FNDA:3,_classCallCheck
FNDA:1,(anonymous_39)
FNDA:3,Context
FNDA:9,__dispatch
FNDA:12,(anonymous_42)
FNDA:5,on
FNDA:5,(anonymous_44)
FNDA:1,off
FNDA:0,exit
FNDA:0,pause
FNDA:0,play
FNDA:1,(anonymous_49)
FNDA:1,(anonymous_50)
FNDA:2,webpackContext
FNDA:2,webpackContextResolve
FNDA:1,webpackContextKeys
FNDA:1,(anonymous_54)
FNDA:1,_interopRequireDefault
FNDA:4,keyPress
FNDA:16,(anonymous_57)
FNDA:1,(anonymous_58)
FNDA:4,(anonymous_59)
FNDA:1,(anonymous_60)
FNDA:1,(anonymous_61)
FNDA:2,(anonymous_62)
FNDA:1,(anonymous_63)
FNDA:1,(anonymous_64)
FNDA:2,(anonymous_65)
FNDA:1,(anonymous_66)
FNDA:0,(anonymous_67)
FNDA:1,(anonymous_68)
FNDA:1,(anonymous_69)
FNDA:1,(anonymous_70)
FNDA:1,(anonymous_71)
FNDA:1,(anonymous_72)
FNDA:1,(anonymous_73)
FNDA:1,(anonymous_74)
FNDA:7,webpackContext
FNDA:7,webpackContextResolve
FNDA:1,webpackContextKeys
DA:1,1
DA:2,1
DA:3,0
DA:4,1
DA:5,0
DA:6,1
DA:7,0
DA:9,1
DA:11,1
DA:13,1
DA:16,1
DA:19,17
DA:20,9
DA:23,8
DA:30,8
DA:33,8
DA:36,8
DA:41,1
DA:44,1
DA:47,1
DA:48,0
DA:49,0
DA:58,1
DA:59,0
DA:60,0
DA:61,0
DA:62,0
DA:63,0
DA:67,1
DA:70,1
DA:73,1
DA:83,1
DA:86,1
DA:87,1
DA:88,1
DA:89,1
DA:90,1
DA:97,1
DA:104,1
DA:105,4
DA:109,1
DA:124,1
DA:125,19
DA:128,1
DA:129,16
DA:132,1
DA:133,6
DA:134,6
DA:135,0
DA:137,6
DA:141,1
DA:142,7
DA:148,7
DA:149,5
DA:150,5
DA:151,5
DA:153,7
DA:156,1
DA:157,15
DA:158,45
DA:169,1
DA:173,5
DA:175,1
DA:177,1
DA:179,1
DA:181,4
DA:183,1
DA:184,1
DA:185,4
DA:187,4
DA:189,4
DA:190,4
DA:191,13
DA:195,1
DA:198,3
DA:199,3
DA:200,0
DA:202,3
DA:203,0
DA:205,3
DA:207,3
DA:212,0
DA:213,0
DA:215,0
DA:216,0
DA:222,13
DA:223,13
DA:224,13
DA:225,13
DA:226,9
DA:232,0
DA:233,0
DA:234,0
DA:239,3
DA:240,3
DA:241,3
DA:245,1
DA:248,1
DA:257,1
DA:261,6
DA:263,1
DA:265,3
DA:267,1
DA:268,1
DA:269,3
DA:271,3
DA:273,3
DA:274,3
DA:275,3
DA:276,3
DA:277,3
DA:280,1
DA:283,9
DA:284,0
DA:287,9
DA:289,9
DA:290,1
DA:293,8
DA:294,12
DA:295,6
DA:296,6
DA:303,5
DA:305,5
DA:306,5
DA:307,5
DA:308,5
DA:309,5
DA:310,5
DA:311,2
DA:313,5
DA:314,5
DA:316,5
DA:317,3
DA:320,5
DA:326,1
DA:327,1
DA:333,0
DA:338,0
DA:343,0
DA:347,1
DA:350,1
DA:360,1
DA:361,1
DA:366,1
DA:367,1
DA:373,1
DA:377,1
DA:378,2
DA:380,1
DA:381,2
DA:382,2
DA:383,0
DA:384,2
DA:386,1
DA:387,1
DA:389,1
DA:390,1
DA:391,1
DA:400,1
DA:402,1
DA:404,1
DA:406,1
DA:408,1
DA:409,4
DA:411,4
DA:412,4
DA:413,4
DA:414,16
DA:416,4
DA:417,4
DA:420,1
DA:421,1
DA:423,1
DA:424,4
DA:427,1
DA:428,1
DA:431,1
DA:432,1
DA:433,1
DA:434,1
DA:435,2
DA:437,1
DA:438,1
DA:441,1
DA:442,1
DA:443,1
DA:444,1
DA:445,1
DA:446,1
DA:448,1
DA:449,2
DA:451,1
DA:452,1
DA:453,1
DA:456,1
DA:457,1
DA:458,1
DA:459,1
DA:460,1
DA:461,0
DA:463,1
DA:464,1
DA:466,1
DA:467,1
DA:468,1
DA:470,1
DA:471,1
DA:472,1
DA:483,1
DA:485,1
DA:486,1
DA:487,1
DA:488,1
DA:489,1
DA:490,1
DA:491,1
DA:492,1
DA:495,1
DA:496,1
DA:497,1
DA:498,1
DA:499,1
DA:500,1
DA:501,1
DA:502,1
DA:504,1
DA:511,1
DA:519,1
DA:520,1
DA:527,1
DA:534,1
DA:541,1
DA:547,1
DA:548,1
DA:549,1
DA:557,1
DA:566,1
DA:567,7
DA:569,1
DA:570,7
DA:571,7
DA:572,0
DA:573,7
DA:575,1
DA:576,1
DA:578,1
DA:579,1
DA:580,1
LF:248
LH:221
BRDA:2,1,0,0
BRDA:2,1,1,1
BRDA:2,2,0,1
BRDA:2,2,1,0
BRDA:4,3,0,0
BRDA:4,3,1,1
BRDA:4,4,0,1
BRDA:4,4,1,0
BRDA:6,5,0,0
BRDA:6,5,1,1
BRDA:19,6,0,9
BRDA:19,6,1,8
BRDA:48,7,0,0
BRDA:48,7,1,0
BRDA:59,8,0,0
BRDA:59,8,1,0
BRDA:59,9,0,0
BRDA:59,9,1,0
BRDA:129,10,0,16
BRDA:129,10,1,12
BRDA:134,11,0,0
BRDA:134,11,1,6
BRDA:173,12,0,5
BRDA:173,12,1,5
BRDA:173,13,0,5
BRDA:173,13,1,0
BRDA:173,14,0,1
BRDA:173,14,1,0
BRDA:173,15,0,0
BRDA:173,15,1,1
BRDA:179,16,0,1
BRDA:179,16,1,0
BRDA:179,17,0,1
BRDA:179,17,1,1
BRDA:181,18,0,0
BRDA:181,18,1,4
BRDA:202,19,0,0
BRDA:202,19,1,3
BRDA:215,20,0,0
BRDA:215,20,1,0
BRDA:225,21,0,22
BRDA:225,21,1,22
BRDA:261,22,0,6
BRDA:261,22,1,6
BRDA:261,23,0,6
BRDA:261,23,1,0
BRDA:261,24,0,1
BRDA:261,24,1,0
BRDA:261,25,0,0
BRDA:261,25,1,1
BRDA:265,26,0,0
BRDA:265,26,1,3
BRDA:269,27,0,0
BRDA:269,27,1,3
BRDA:269,28,0,3
BRDA:269,28,1,3
BRDA:274,29,0,3
BRDA:274,29,1,3
BRDA:283,30,0,0
BRDA:283,30,1,9
BRDA:289,31,0,1
BRDA:289,31,1,8
BRDA:294,32,0,6
BRDA:294,32,1,6
BRDA:310,33,0,2
BRDA:310,33,1,3
BRDA:316,34,0,3
BRDA:316,34,1,2
BRDA:326,35,0,1
BRDA:326,35,1,0
BRDA:382,36,0,0
BRDA:382,36,1,2
BRDA:406,37,0,1
BRDA:406,37,1,0
BRDA:406,38,0,1
BRDA:406,38,1,1
BRDA:409,39,0,2
BRDA:409,39,1,2
BRDA:409,40,0,4
BRDA:409,40,1,2
BRDA:571,41,0,0
BRDA:571,41,1,7
BRF:82
BRH:52
end_of_record
