TN:
SF:/Users/jordansimonds/repos/keypound/test/index.js
FN:1,webpackUniversalModuleDefinition
FN:10,(anonymous_2)
FN:11,(anonymous_3)
FN:16,__webpack_require__
FN:47,(anonymous_5)
FN:58,(anonymous_6)
FN:60,getDefault
FN:61,getModuleExports
FN:67,(anonymous_9)
FN:78,(anonymous_10)
FN:104,(anonymous_11)
FN:128,code
FN:132,getKeys
FN:141,getMods
FN:148,(anonymous_15)
FN:156,modifiersMatch
FN:157,(anonymous_17)
FN:164,(anonymous_18)
FN:173,(anonymous_19)
FN:173,defineProperties
FN:173,(anonymous_21)
FN:179,_interopRequireDefault
FN:181,_classCallCheck
FN:183,(anonymous_24)
FN:184,Keypound
FN:190,(anonymous_26)
FN:197,enter
FN:199,(anonymous_28)
FN:211,exit
FN:212,(anonymous_30)
FN:221,onKeyPress
FN:230,moveToTop
FN:237,enterNewContext
FN:251,(anonymous_34)
FN:260,(anonymous_35)
FN:260,defineProperties
FN:260,(anonymous_37)
FN:264,_classCallCheck
FN:266,(anonymous_39)
FN:267,Context
FN:281,__dispatch
FN:293,(anonymous_42)
FN:295,(anonymous_43)
FN:304,on
FN:309,(anonymous_45)
FN:328,off
FN:335,exit
FN:340,pause
FN:345,play
FN:357,(anonymous_50)
FN:374,(anonymous_51)
FN:380,webpackContext
FN:383,webpackContextResolve
FN:389,webpackContextKeys
FN:398,(anonymous_55)
FN:409,_interopRequireDefault
FN:411,keyPress
FN:416,(anonymous_58)
FN:423,(anonymous_59)
FN:426,(anonymous_60)
FN:430,(anonymous_61)
FN:434,(anonymous_62)
FN:437,(anonymous_63)
FN:444,(anonymous_64)
FN:448,(anonymous_65)
FN:451,(anonymous_66)
FN:459,(anonymous_67)
FN:463,(anonymous_68)
FN:466,(anonymous_69)
FN:481,(anonymous_70)
FN:488,(anonymous_71)
FN:489,(anonymous_72)
FN:498,(anonymous_73)
FN:522,(anonymous_74)
FN:558,(anonymous_75)
FN:569,webpackContext
FN:572,webpackContextResolve
FN:578,webpackContextKeys
FNF:78
FNH:65
FNDA:1,webpackUniversalModuleDefinition
FNDA:1,(anonymous_2)
FNDA:1,(anonymous_3)
FNDA:17,__webpack_require__
FNDA:0,(anonymous_5)
FNDA:0,(anonymous_6)
FNDA:0,getDefault
FNDA:0,getModuleExports
FNDA:0,(anonymous_9)
FNDA:1,(anonymous_10)
FNDA:4,(anonymous_11)
FNDA:16,code
FNDA:6,getKeys
FNDA:7,getMods
FNDA:5,(anonymous_15)
FNDA:15,modifiersMatch
FNDA:45,(anonymous_17)
FNDA:1,(anonymous_18)
FNDA:1,(anonymous_19)
FNDA:1,defineProperties
FNDA:1,(anonymous_21)
FNDA:1,_interopRequireDefault
FNDA:4,_classCallCheck
FNDA:1,(anonymous_24)
FNDA:4,Keypound
FNDA:13,(anonymous_26)
FNDA:3,enter
FNDA:0,(anonymous_28)
FNDA:0,exit
FNDA:0,(anonymous_30)
FNDA:13,onKeyPress
FNDA:0,moveToTop
FNDA:3,enterNewContext
FNDA:1,(anonymous_34)
FNDA:1,(anonymous_35)
FNDA:1,defineProperties
FNDA:1,(anonymous_37)
FNDA:3,_classCallCheck
FNDA:1,(anonymous_39)
FNDA:3,Context
FNDA:9,__dispatch
FNDA:12,(anonymous_42)
FNDA:6,(anonymous_43)
FNDA:5,on
FNDA:5,(anonymous_45)
FNDA:1,off
FNDA:0,exit
FNDA:0,pause
FNDA:0,play
FNDA:1,(anonymous_50)
FNDA:1,(anonymous_51)
FNDA:2,webpackContext
FNDA:2,webpackContextResolve
FNDA:1,webpackContextKeys
FNDA:1,(anonymous_55)
FNDA:1,_interopRequireDefault
FNDA:4,keyPress
FNDA:16,(anonymous_58)
FNDA:1,(anonymous_59)
FNDA:4,(anonymous_60)
FNDA:1,(anonymous_61)
FNDA:1,(anonymous_62)
FNDA:2,(anonymous_63)
FNDA:1,(anonymous_64)
FNDA:1,(anonymous_65)
FNDA:2,(anonymous_66)
FNDA:1,(anonymous_67)
FNDA:0,(anonymous_68)
FNDA:1,(anonymous_69)
FNDA:1,(anonymous_70)
FNDA:1,(anonymous_71)
FNDA:1,(anonymous_72)
FNDA:1,(anonymous_73)
FNDA:1,(anonymous_74)
FNDA:1,(anonymous_75)
FNDA:7,webpackContext
FNDA:7,webpackContextResolve
FNDA:1,webpackContextKeys
DA:1,1
DA:2,1
DA:3,0
DA:4,1
DA:5,0
DA:6,1
DA:7,0
DA:9,1
DA:11,1
DA:13,1
DA:16,1
DA:19,17
DA:20,9
DA:23,8
DA:30,8
DA:33,8
DA:36,8
DA:41,1
DA:44,1
DA:47,1
DA:48,0
DA:49,0
DA:58,1
DA:59,0
DA:60,0
DA:61,0
DA:62,0
DA:63,0
DA:67,1
DA:70,1
DA:73,1
DA:83,1
DA:86,1
DA:87,1
DA:88,1
DA:89,1
DA:90,1
DA:97,1
DA:104,1
DA:105,4
DA:109,1
DA:124,1
DA:125,19
DA:128,1
DA:129,16
DA:132,1
DA:133,6
DA:134,6
DA:135,0
DA:137,6
DA:141,1
DA:142,7
DA:148,7
DA:149,5
DA:150,5
DA:151,5
DA:153,7
DA:156,1
DA:157,15
DA:158,45
DA:169,1
DA:173,5
DA:175,1
DA:177,1
DA:179,1
DA:181,4
DA:183,1
DA:184,1
DA:185,4
DA:187,4
DA:189,4
DA:190,4
DA:191,13
DA:195,1
DA:198,3
DA:199,3
DA:200,0
DA:202,3
DA:203,0
DA:205,3
DA:207,3
DA:212,0
DA:213,0
DA:215,0
DA:216,0
DA:222,13
DA:223,13
DA:224,13
DA:225,9
DA:231,0
DA:232,0
DA:233,0
DA:238,3
DA:239,3
DA:240,3
DA:244,1
DA:247,1
DA:256,1
DA:260,6
DA:262,1
DA:264,3
DA:266,1
DA:267,1
DA:268,3
DA:270,3
DA:272,3
DA:273,3
DA:274,3
DA:275,3
DA:276,3
DA:279,1
DA:282,9
DA:283,0
DA:286,9
DA:287,9
DA:289,9
DA:290,1
DA:293,8
DA:294,12
DA:296,6
DA:297,6
DA:300,8
DA:305,5
DA:308,5
DA:309,5
DA:310,5
DA:311,5
DA:312,5
DA:313,5
DA:314,2
DA:316,5
DA:317,5
DA:319,5
DA:320,3
DA:323,5
DA:329,1
DA:330,1
DA:336,0
DA:341,0
DA:346,0
DA:350,1
DA:353,1
DA:363,1
DA:364,1
DA:369,1
DA:370,1
DA:376,1
DA:380,1
DA:381,2
DA:383,1
DA:384,2
DA:385,2
DA:386,0
DA:387,2
DA:389,1
DA:390,1
DA:392,1
DA:393,1
DA:394,1
DA:403,1
DA:405,1
DA:407,1
DA:409,1
DA:411,1
DA:412,4
DA:414,4
DA:415,4
DA:416,4
DA:417,16
DA:419,4
DA:420,4
DA:423,1
DA:424,1
DA:426,1
DA:427,4
DA:430,1
DA:431,1
DA:434,1
DA:435,1
DA:436,1
DA:437,1
DA:438,2
DA:440,1
DA:441,1
DA:444,1
DA:445,1
DA:446,1
DA:447,1
DA:448,1
DA:449,1
DA:451,1
DA:452,2
DA:454,1
DA:455,1
DA:456,1
DA:459,1
DA:460,1
DA:461,1
DA:462,1
DA:463,1
DA:464,0
DA:466,1
DA:467,1
DA:469,1
DA:470,1
DA:471,1
DA:473,1
DA:474,1
DA:475,1
DA:486,1
DA:488,1
DA:489,1
DA:490,1
DA:491,1
DA:492,1
DA:493,1
DA:494,1
DA:495,1
DA:498,1
DA:499,1
DA:500,1
DA:501,1
DA:502,1
DA:503,1
DA:504,1
DA:505,1
DA:507,1
DA:514,1
DA:522,1
DA:523,1
DA:530,1
DA:537,1
DA:544,1
DA:550,1
DA:551,1
DA:552,1
DA:560,1
DA:569,1
DA:570,7
DA:572,1
DA:573,7
DA:574,7
DA:575,0
DA:576,7
DA:578,1
DA:579,1
DA:581,1
DA:582,1
DA:583,1
LF:249
LH:222
BRDA:2,1,0,0
BRDA:2,1,1,1
BRDA:2,2,0,1
BRDA:2,2,1,0
BRDA:4,3,0,0
BRDA:4,3,1,1
BRDA:4,4,0,1
BRDA:4,4,1,0
BRDA:6,5,0,0
BRDA:6,5,1,1
BRDA:19,6,0,9
BRDA:19,6,1,8
BRDA:48,7,0,0
BRDA:48,7,1,0
BRDA:59,8,0,0
BRDA:59,8,1,0
BRDA:59,9,0,0
BRDA:59,9,1,0
BRDA:129,10,0,16
BRDA:129,10,1,12
BRDA:134,11,0,0
BRDA:134,11,1,6
BRDA:173,12,0,5
BRDA:173,12,1,5
BRDA:173,13,0,5
BRDA:173,13,1,0
BRDA:173,14,0,1
BRDA:173,14,1,0
BRDA:173,15,0,0
BRDA:173,15,1,1
BRDA:179,16,0,1
BRDA:179,16,1,0
BRDA:179,17,0,1
BRDA:179,17,1,1
BRDA:181,18,0,0
BRDA:181,18,1,4
BRDA:202,19,0,0
BRDA:202,19,1,3
BRDA:215,20,0,0
BRDA:215,20,1,0
BRDA:224,21,0,22
BRDA:224,21,1,16
BRDA:260,22,0,6
BRDA:260,22,1,6
BRDA:260,23,0,6
BRDA:260,23,1,0
BRDA:260,24,0,1
BRDA:260,24,1,0
BRDA:260,25,0,0
BRDA:260,25,1,1
BRDA:264,26,0,0
BRDA:264,26,1,3
BRDA:268,27,0,0
BRDA:268,27,1,3
BRDA:268,28,0,3
BRDA:268,28,1,3
BRDA:273,29,0,3
BRDA:273,29,1,3
BRDA:282,30,0,0
BRDA:282,30,1,9
BRDA:289,31,0,1
BRDA:289,31,1,8
BRDA:313,32,0,2
BRDA:313,32,1,3
BRDA:319,33,0,3
BRDA:319,33,1,2
BRDA:329,34,0,1
BRDA:329,34,1,0
BRDA:385,35,0,0
BRDA:385,35,1,2
BRDA:409,36,0,1
BRDA:409,36,1,0
BRDA:409,37,0,1
BRDA:409,37,1,1
BRDA:412,38,0,2
BRDA:412,38,1,2
BRDA:412,39,0,4
BRDA:412,39,1,2
BRDA:574,40,0,0
BRDA:574,40,1,7
BRF:80
BRH:50
end_of_record
